2024-10-29T23:57:44.545Z [INFO]: Server running on port 5000
2024-10-29T23:59:03.493Z [INFO]: Server running on port 5000
2024-10-29T23:59:23.634Z [INFO]: Server running on port 5000
2024-10-30T00:00:30.178Z [INFO]: Server running on port 5000
2024-10-30T05:51:29.273Z [INFO]: Server running on port 5000
2024-10-30T06:54:18.333Z [INFO]: Server running on port 5000
2024-10-30T06:55:38.085Z [INFO]: Server running on port 5000
2024-10-30T07:03:29.503Z [INFO]: Server running on port 5000
2024-10-30T07:36:27.971Z [INFO]: Server running on port 5000
2024-10-30T07:39:36.426Z [INFO]: Server running on port 5000
2024-10-30T07:42:39.178Z [INFO]: Server running on port 5000
2024-10-30T07:46:54.444Z [INFO]: Server running on port 5000
2024-10-30T07:47:13.023Z [INFO]: Server running on port 5000
2024-10-30T07:47:17.339Z [INFO]: Server running on port 5000
2024-10-30T07:47:32.588Z [INFO]: Server running on port 5000
2024-10-30T07:47:54.353Z [INFO]: Server running on port 5000
2024-10-30T07:48:32.975Z [INFO]: Server running on port 5000
2024-10-30T07:49:32.369Z [INFO]: Server running on port 5000
2024-10-30T07:49:50.154Z [INFO]: Server running on port 5000
2024-10-30T07:50:15.121Z [INFO]: Server running on port 5000
2024-10-30T07:50:37.430Z [INFO]: Server running on port 5000
2024-10-30T07:51:27.617Z [INFO]: Server running on port 5000
2024-10-30T07:53:01.830Z [INFO]: Server running on port 5000
2024-10-30T08:03:44.100Z [INFO]: Server running on port 5000
2024-10-30T08:04:04.030Z [INFO]: Server running on port 5000
2024-10-30T08:04:08.643Z [INFO]: Connected to MongoDB at mongodb+srv://quiz-app:Pizza123@cluster0.a2oux.mongodb.net/quizDatabase?retryWrites=true&w=majority
2024-10-30T10:17:11.858Z [INFO]: Server running on port 5000
2024-10-30T10:20:01.303Z [INFO]: Server running on port 5000
2024-10-30T10:20:25.502Z [INFO]: Server running on port 5000
2024-10-30T11:52:24.038Z [INFO]: Server running on port 5000
2024-10-30T11:52:55.144Z [INFO]: Server running on port 5000
2024-10-30T12:57:48.588Z [INFO]: Server running on port 5000
2024-10-30T12:58:11.206Z [INFO]: Server running on port 5000
2024-11-03T03:21:12.490Z [INFO]: Server running on port 5000
2024-11-03T04:08:37.438Z [INFO]: Server running on port 5000
2024-11-03T04:26:21.703Z [INFO]: Server running on port 5000
2024-11-03T04:50:52.222Z [INFO]: Server running on port 5000
2024-11-03T04:58:38.152Z [INFO]: Server running on port 5000
2024-11-03T04:59:20.333Z [INFO]: Server running on port 5000
2024-11-03T05:03:02.533Z [INFO]: Server running on port 5000
2024-11-03T05:03:40.237Z [INFO]: Server running on port 5000
2024-11-03T05:03:42.760Z [INFO]: Server running on port 5000
2024-11-03T05:04:49.642Z [INFO]: Server running on port 5000
2024-11-03T05:11:40.311Z [INFO]: Server running on port 5000
2024-11-03T05:12:09.724Z [INFO]: Server running on port 5000
2024-11-03T05:31:40.884Z [INFO]: Server running on port 5000
2024-11-03T06:04:13.098Z [INFO]: Server running on port 5000
2024-11-03T06:04:53.492Z [INFO]: Server running on port 5000
2024-11-03T06:04:56.494Z [INFO]: Server running on port 5000
2024-11-03T06:31:33.693Z [INFO]: Server running on port 5000
2024-11-03T06:32:16.542Z [INFO]: Server running on port 5000
2024-11-03T06:32:51.373Z [INFO]: Server running on port 5000
2024-11-03T06:38:39.962Z [INFO]: Server running on port 5000
2024-11-03T06:38:39.995Z [INFO]: Connected to MongoDB
2024-11-03T06:39:37.687Z [INFO]: Server running on port 5000
2024-11-03T06:39:37.733Z [INFO]: Connected to MongoDB
2024-11-03T06:42:43.396Z [INFO]: Connected to MongoDB
2024-11-03T06:42:54.766Z [INFO]: Connected to MongoDB
2024-11-03T06:43:09.808Z [INFO]: Connected to MongoDB
2024-11-03T06:43:21.065Z [INFO]: Connected to MongoDB
2024-11-03T06:50:20.089Z [INFO]: Connected to MongoDB
2024-11-03T06:52:44.826Z [INFO]: Server running on port 5000
2024-11-03T06:52:44.855Z [INFO]: Connected to MongoDB
2024-11-03T06:56:06.928Z [INFO]: Server running on port 5000
2024-11-03T06:56:06.960Z [INFO]: Connected to MongoDB
2024-11-03T06:56:18.698Z [INFO]: Server running on port 5000
2024-11-03T06:56:18.734Z [INFO]: Connected to MongoDB
2024-11-03T06:58:40.883Z [INFO]: Server running on port 5000
2024-11-03T06:58:41.019Z [INFO]: Connected to MongoDB
2024-11-03T07:00:53.412Z [INFO]: Server running on port 5000
2024-11-03T07:00:53.433Z [INFO]: Connected to MongoDB
2024-11-03T07:01:29.464Z [INFO]: Server running on port 5000
2024-11-03T07:01:29.486Z [INFO]: Connected to MongoDB
2024-11-03T07:01:53.712Z [INFO]: Server running on port 5000
2024-11-03T07:01:53.737Z [INFO]: Connected to MongoDB
2024-11-03T07:07:31.465Z [INFO]: Server running on port 5000
2024-11-03T07:07:31.484Z [INFO]: Connected to MongoDB
2024-11-03T07:07:46.987Z [INFO]: Server running on port 5000
2024-11-03T07:07:47.020Z [INFO]: Connected to MongoDB
2024-11-03T07:08:10.639Z [INFO]: Server running on port 5000
2024-11-03T07:08:10.673Z [INFO]: Connected to MongoDB
2024-11-03T07:09:48.859Z [INFO]: Server running on port 5000
2024-11-03T07:09:48.879Z [INFO]: Connected to MongoDB
2024-11-03T07:13:07.361Z [INFO]: Server running on port 5000
2024-11-03T07:13:10.597Z [INFO]: Connected to MongoDB
2024-11-03T07:22:04.070Z [INFO]: Server running on port 5000
2024-11-03T07:22:07.318Z [INFO]: Connected to MongoDB
2024-11-03T07:29:12.357Z [INFO]: Server running on port 5000
2024-11-03T07:29:26.268Z [INFO]: Connected to MongoDB
2024-11-03T07:39:33.173Z [INFO]: Server running on port 5000
2024-11-03T07:39:36.163Z [INFO]: Connected to MongoDB
2024-11-03T07:47:32.275Z [INFO]: Server running on port 5000
2024-11-03T07:47:35.343Z [INFO]: Connected to MongoDB
2024-11-03T07:48:39.393Z [INFO]: Server running on port 5000
2024-11-03T07:48:44.173Z [INFO]: Connected to MongoDB
2024-11-03T08:01:51.163Z [INFO]: Connected to MongoDB
2024-11-03T08:03:03.207Z [INFO]: Connected to MongoDB
2024-11-03T08:03:21.169Z [INFO]: Server running on port 5000
2024-11-03T08:03:24.295Z [INFO]: Connected to MongoDB
2024-11-03T08:04:30.035Z [INFO]: Connected to MongoDB
2024-11-03T08:05:28.951Z [INFO]: Connected to MongoDB
2024-11-03T08:12:17.951Z [INFO]: Server running on port 5000
2024-11-03T08:12:20.915Z [INFO]: Connected to MongoDB
2024-11-03T08:12:42.522Z [INFO]: Connected to MongoDB
2024-11-03T08:12:54.285Z [INFO]: Server running on port 5000
2024-11-03T08:12:57.330Z [INFO]: Connected to MongoDB
2024-11-03T08:39:34.266Z [INFO]: Server running on port 5000
2024-11-03T08:39:37.488Z [INFO]: Connected to MongoDB
2024-11-03T08:43:56.706Z [INFO]: Server running on port 5000
2024-11-03T08:44:00.264Z [INFO]: Connected to MongoDB
2024-11-03T10:06:35.568Z [INFO]: Server running on port 5000
2024-11-03T10:06:38.448Z [INFO]: Connected to MongoDB
2024-11-04T04:35:31.208Z [INFO]: Server running on port 5000
2024-11-04T04:35:34.510Z [INFO]: Connected to MongoDB
2024-11-04T04:38:25.849Z [INFO]: Server running on port 5000
2024-11-04T04:38:29.113Z [INFO]: Connected to MongoDB
2024-11-04T04:39:28.528Z [INFO]: Server running on port 5000
2024-11-04T04:39:31.817Z [INFO]: Connected to MongoDB
2024-11-04T04:40:01.404Z [INFO]: Connected to MongoDB
2024-11-04T04:40:34.588Z [INFO]: Server running on port 5000
2024-11-04T04:40:37.816Z [INFO]: Connected to MongoDB
2024-11-04T04:40:47.635Z [INFO]: Connected to MongoDB
2024-11-04T04:40:56.024Z [INFO]: Connected to MongoDB
2024-11-04T04:41:50.008Z [INFO]: Server running on port 5000
2024-11-04T04:41:53.337Z [INFO]: Connected to MongoDB
2024-11-04T04:47:01.485Z [INFO]: Server running on port 5000
2024-11-04T04:47:04.727Z [INFO]: Connected to MongoDB
2024-11-04T04:48:21.384Z [INFO]: Server running on port 5000
2024-11-04T04:48:24.957Z [INFO]: Connected to MongoDB
2024-11-04T04:50:37.171Z [INFO]: Server running on port 5000
2024-11-04T04:50:40.355Z [INFO]: Connected to MongoDB
2024-11-04T04:51:29.856Z [INFO]: Server running on port 5000
2024-11-04T04:51:32.968Z [INFO]: Connected to MongoDB
2024-11-04T04:54:25.753Z [INFO]: Server running on port 5000
2024-11-04T04:54:28.988Z [INFO]: Connected to MongoDB
2024-11-04T04:54:49.218Z [INFO]: Server running on port 5000
2024-11-04T04:54:52.382Z [INFO]: Connected to MongoDB
2024-11-04T04:55:02.677Z [INFO]: Server running on port 5000
2024-11-04T04:55:05.902Z [INFO]: Connected to MongoDB
2024-11-04T04:56:28.436Z [INFO]: Server running on port 5000
2024-11-04T04:56:31.655Z [INFO]: Connected to MongoDB
2024-11-04T04:57:24.076Z [INFO]: Server running on port 5000
2024-11-04T04:57:27.150Z [INFO]: Connected to MongoDB
2024-11-04T04:57:39.906Z [INFO]: Server running on port 5000
2024-11-04T04:57:43.101Z [INFO]: Connected to MongoDB
2024-11-04T04:58:25.485Z [INFO]: Server running on port 5000
2024-11-04T04:58:28.674Z [INFO]: Connected to MongoDB
2024-11-04T04:59:48.427Z [INFO]: Server running on port 5000
2024-11-04T04:59:51.700Z [INFO]: Connected to MongoDB
2024-11-04T04:59:59.690Z [INFO]: Server running on port 5000
2024-11-04T05:00:03.242Z [INFO]: Connected to MongoDB
2024-11-04T05:00:08.782Z [INFO]: Server running on port 5000
2024-11-04T05:00:12.311Z [INFO]: Connected to MongoDB
2024-11-04T05:00:39.388Z [INFO]: Server running on port 5000
2024-11-04T05:00:42.574Z [INFO]: Connected to MongoDB
2024-11-04T05:01:26.548Z [INFO]: Server running on port 5000
2024-11-04T05:01:29.758Z [INFO]: Connected to MongoDB
2024-11-04T05:02:19.461Z [INFO]: Server running on port 5000
2024-11-04T05:02:23.162Z [INFO]: Connected to MongoDB
2024-11-04T05:02:40.489Z [INFO]: Server running on port 5000
2024-11-04T05:02:43.895Z [INFO]: Connected to MongoDB
2024-11-04T05:05:07.524Z [INFO]: Server running on port 5000
2024-11-04T05:05:11.038Z [INFO]: Connected to MongoDB
2024-11-04T05:09:23.103Z [INFO]: Server running on port 5000
2024-11-04T05:09:25.012Z [INFO]: Server running on port 5000
2024-11-04T05:09:28.203Z [INFO]: Connected to MongoDB
2024-11-04T05:09:33.340Z [INFO]: Server running on port 5000
2024-11-04T05:09:36.569Z [INFO]: Connected to MongoDB
2024-11-04T05:10:33.515Z [INFO]: Server running on port 5000
2024-11-04T05:10:36.749Z [INFO]: Connected to MongoDB
2024-11-04T05:10:55.824Z [INFO]: Server running on port 5000
2024-11-04T05:10:59.104Z [INFO]: Connected to MongoDB
2024-11-04T05:11:36.797Z [INFO]: Server running on port 5000
2024-11-04T05:11:40.247Z [INFO]: Connected to MongoDB
2024-11-04T05:12:57.686Z [INFO]: Connected to MongoDB
2024-11-04T05:13:22.451Z [INFO]: Connected to MongoDB
2024-11-04T05:13:30.733Z [INFO]: Connected to MongoDB
2024-11-04T05:13:54.945Z [INFO]: Connected to MongoDB
2024-11-04T05:15:01.656Z [INFO]: Connected to MongoDB
2024-11-04T05:15:26.652Z [INFO]: Connected to MongoDB
2024-11-04T05:16:09.777Z [INFO]: Connected to MongoDB
2024-11-04T05:16:19.668Z [INFO]: Connected to MongoDB
2024-11-04T05:16:37.166Z [INFO]: Connected to MongoDB
2024-11-04T05:17:40.007Z [INFO]: Server running on port 5000
2024-11-04T05:17:43.291Z [INFO]: Connected to MongoDB
2024-11-04T05:47:33.701Z [ERROR]: Cannot read properties of undefined (reading 'refresh_token') Cannot read properties of undefined (reading 'refresh_token')
2024-11-04T05:47:48.643Z [ERROR]: Cannot read properties of undefined (reading 'refresh_token') Cannot read properties of undefined (reading 'refresh_token')
2024-11-04T05:49:46.219Z [INFO]: Server running on port 5000
2024-11-04T05:49:49.709Z [INFO]: Connected to MongoDB
2024-11-04T05:50:06.855Z [INFO]: Server running on port 5000
2024-11-04T05:50:09.984Z [INFO]: Connected to MongoDB
2024-11-04T05:53:27.090Z [INFO]: Server running on port 5000
2024-11-04T05:53:29.825Z [ERROR]: Cannot read properties of undefined (reading 'refresh_token') Cannot read properties of undefined (reading 'refresh_token')
2024-11-04T05:53:30.599Z [INFO]: Connected to MongoDB
2024-11-04T05:56:36.044Z [INFO]: Server running on port 5000
2024-11-04T05:56:39.254Z [INFO]: Connected to MongoDB
2024-11-04T06:08:19.561Z [INFO]: Server running on port 5000
2024-11-04T06:08:22.792Z [INFO]: Connected to MongoDB
2024-11-04T06:09:26.676Z [INFO]: Server running on port 5000
2024-11-04T06:09:29.928Z [INFO]: Connected to MongoDB
2024-11-04T06:10:07.456Z [INFO]: Server running on port 5000
2024-11-04T06:10:12.031Z [INFO]: Connected to MongoDB
2024-11-04T06:10:52.026Z [INFO]: Server running on port 5000
2024-11-04T06:10:55.273Z [INFO]: Connected to MongoDB
2024-11-04T06:11:53.230Z [INFO]: Server running on port 5000
2024-11-04T06:11:56.690Z [INFO]: Connected to MongoDB
2024-11-04T06:12:19.759Z [INFO]: Server running on port 5000
2024-11-04T06:12:23.020Z [INFO]: Connected to MongoDB
2024-11-04T06:12:51.888Z [INFO]: Server running on port 5000
2024-11-04T06:12:57.248Z [INFO]: Connected to MongoDB
2024-11-04T06:13:19.399Z [INFO]: Server running on port 5000
2024-11-04T06:13:22.930Z [INFO]: Connected to MongoDB
2024-11-04T06:13:33.051Z [INFO]: Server running on port 5000
2024-11-04T06:13:36.237Z [INFO]: Connected to MongoDB
2024-11-04T06:13:41.093Z [INFO]: Server running on port 5000
2024-11-04T06:13:45.487Z [INFO]: Connected to MongoDB
2024-11-04T06:13:49.729Z [INFO]: Server running on port 5000
2024-11-04T06:13:52.846Z [INFO]: Connected to MongoDB
2024-11-04T06:14:40.296Z [INFO]: Server running on port 5000
2024-11-04T06:14:43.508Z [INFO]: Connected to MongoDB
2024-11-04T06:15:08.641Z [INFO]: Server running on port 5000
2024-11-04T06:15:11.930Z [INFO]: Connected to MongoDB
2024-11-04T06:15:16.995Z [INFO]: Server running on port 5000
2024-11-04T06:15:20.177Z [INFO]: Connected to MongoDB
2024-11-04T06:15:30.298Z [INFO]: Server running on port 5000
2024-11-04T06:15:33.649Z [INFO]: Connected to MongoDB
2024-11-04T06:16:52.205Z [INFO]: Server running on port 5000
2024-11-04T06:16:55.577Z [INFO]: Connected to MongoDB
2024-11-04T06:18:00.638Z [INFO]: Server running on port 5000
2024-11-04T06:18:04.134Z [INFO]: Connected to MongoDB
2024-11-04T06:19:46.132Z [INFO]: Server running on port 5000
2024-11-04T06:19:50.994Z [INFO]: Server running on port 5000
2024-11-04T06:19:54.098Z [INFO]: Connected to MongoDB
2024-11-04T06:20:01.958Z [INFO]: Server running on port 5000
2024-11-04T06:20:05.229Z [INFO]: Connected to MongoDB
2024-11-04T06:23:48.355Z [INFO]: Server running on port 5000
2024-11-04T06:23:51.767Z [INFO]: Connected to MongoDB
2024-11-04T06:24:10.993Z [INFO]: Server running on port 5000
2024-11-04T06:24:14.262Z [INFO]: Connected to MongoDB
2024-11-04T06:28:22.674Z [INFO]: Server running on port 5000
2024-11-04T06:28:25.873Z [INFO]: Connected to MongoDB
2024-11-04T06:29:27.636Z [INFO]: Server running on port 5000
2024-11-04T06:29:31.477Z [INFO]: Connected to MongoDB
2024-11-04T06:29:36.658Z [INFO]: Server running on port 5000
2024-11-04T06:29:39.847Z [INFO]: Connected to MongoDB
2024-11-04T06:30:10.860Z [INFO]: Server running on port 5000
2024-11-04T06:30:13.973Z [INFO]: Connected to MongoDB
2024-11-04T06:30:45.406Z [INFO]: Server running on port 5000
2024-11-04T06:30:48.778Z [INFO]: Connected to MongoDB
2024-11-04T06:32:55.806Z [INFO]: Server running on port 5000
2024-11-04T06:33:01.034Z [INFO]: Connected to MongoDB
2024-11-04T06:33:28.727Z [INFO]: Server running on port 5000
2024-11-04T06:33:33.368Z [INFO]: Connected to MongoDB
2024-11-04T06:35:06.572Z [INFO]: Server running on port 5000
2024-11-04T06:35:10.201Z [INFO]: Connected to MongoDB
2024-11-04T06:37:40.794Z [INFO]: Server running on port 5000
2024-11-04T06:37:46.582Z [INFO]: Connected to MongoDB
2024-11-04T06:37:55.784Z [INFO]: Server running on port 5000
2024-11-04T06:38:00.216Z [INFO]: Connected to MongoDB
2024-11-04T06:38:02.332Z [INFO]: Server running on port 5000
2024-11-04T06:38:06.846Z [INFO]: Connected to MongoDB
2024-11-04T06:41:27.141Z [INFO]: Server running on port 5000
2024-11-04T06:41:30.935Z [INFO]: Connected to MongoDB
2024-11-04T06:41:36.206Z [INFO]: Server running on port 5000
2024-11-04T06:41:41.554Z [INFO]: Connected to MongoDB
2024-11-04T06:42:46.437Z [INFO]: Server running on port 5000
2024-11-04T06:42:50.205Z [INFO]: Connected to MongoDB
2024-11-04T06:53:04.989Z [INFO]: Server running on port 5000
2024-11-04T06:53:10.763Z [INFO]: Connected to MongoDB
2024-11-04T06:53:34.406Z [INFO]: Server running on port 5000
2024-11-04T06:53:37.657Z [INFO]: Connected to MongoDB
2024-11-04T06:53:41.663Z [INFO]: Server running on port 5000
2024-11-04T06:53:44.845Z [INFO]: Connected to MongoDB
2024-11-04T06:56:48.652Z [INFO]: Server running on port 5000
2024-11-04T06:56:53.499Z [INFO]: Connected to MongoDB
2024-11-04T06:57:40.449Z [INFO]: Server running on port 5000
2024-11-04T06:57:43.626Z [INFO]: Connected to MongoDB
2024-11-04T06:58:37.532Z [INFO]: Server running on port 5000
2024-11-04T06:58:41.056Z [INFO]: Connected to MongoDB
2024-11-04T06:59:02.593Z [INFO]: Server running on port 5000
2024-11-04T06:59:08.962Z [INFO]: Connected to MongoDB
2024-11-04T06:59:33.423Z [INFO]: Server running on port 5000
2024-11-04T06:59:37.028Z [INFO]: Server running on port 5000
2024-11-04T06:59:43.014Z [INFO]: Connected to MongoDB
2024-11-04T07:04:48.106Z [INFO]: Server running on port 5000
2024-11-04T07:04:51.484Z [INFO]: Server running on port 5000
2024-11-04T07:04:54.930Z [INFO]: Connected to MongoDB
2024-11-04T07:06:12.347Z [INFO]: Server running on port 5000
2024-11-04T07:06:16.326Z [INFO]: Connected to MongoDB
2024-11-04T07:41:25.159Z [INFO]: Server running on port 5000
2024-11-04T07:41:31.454Z [INFO]: Connected to MongoDB
2024-11-04T07:58:11.539Z [INFO]: Server running on port 5000
2024-11-04T07:58:15.459Z [INFO]: Connected to MongoDB
2024-11-04T08:09:19.204Z [INFO]: Server running on port 5000
2024-11-04T08:09:24.073Z [INFO]: Connected to MongoDB
2024-11-04T08:09:44.229Z [INFO]: Server running on port 5000
2024-11-04T08:09:47.611Z [INFO]: Connected to MongoDB
2024-11-04T08:28:28.960Z [INFO]: Server running on port 5000
2024-11-04T08:28:32.112Z [INFO]: Connected to MongoDB
2024-11-04T08:31:23.288Z [INFO]: Server running on port 5000
2024-11-04T08:31:26.780Z [INFO]: Connected to MongoDB
2024-11-04T08:31:47.728Z [INFO]: Server running on port 5000
2024-11-04T08:31:51.276Z [INFO]: Connected to MongoDB
2024-11-04T08:32:04.459Z [INFO]: Server running on port 5000
2024-11-04T08:32:07.792Z [INFO]: Connected to MongoDB
2024-11-04T08:32:55.986Z [INFO]: Server running on port 5000
2024-11-04T08:32:59.413Z [INFO]: Connected to MongoDB
2024-11-04T08:33:15.566Z [INFO]: Server running on port 5000
2024-11-04T08:33:18.757Z [INFO]: Connected to MongoDB
2024-11-04T08:41:38.766Z [INFO]: Server running on port 5000
2024-11-04T08:41:42.889Z [INFO]: Connected to MongoDB
2024-11-04T08:42:12.843Z [INFO]: Server running on port 5000
2024-11-04T08:42:22.790Z [INFO]: Connected to MongoDB
2024-11-04T08:44:11.092Z [INFO]: Server running on port 5000
2024-11-04T08:44:16.599Z [INFO]: Connected to MongoDB
2024-11-04T08:44:27.375Z [INFO]: Server running on port 5000
2024-11-04T08:44:34.142Z [INFO]: Connected to MongoDB
2024-11-04T08:46:48.058Z [INFO]: Server running on port 5000
2024-11-04T08:46:52.990Z [INFO]: Connected to MongoDB
2024-11-04T08:47:01.410Z [INFO]: Server running on port 5000
2024-11-04T08:47:04.970Z [INFO]: Connected to MongoDB
2024-11-04T08:48:35.648Z [INFO]: Server running on port 5000
2024-11-04T08:48:39.937Z [INFO]: Connected to MongoDB
2024-11-04T08:49:07.520Z [INFO]: Server running on port 5000
2024-11-04T08:49:15.504Z [INFO]: Server running on port 5000
2024-11-04T08:49:20.159Z [INFO]: Connected to MongoDB
2024-11-04T09:07:33.328Z [INFO]: Server running on port 5000
2024-11-04T09:07:38.916Z [INFO]: Connected to MongoDB
2024-11-04T09:07:42.349Z [INFO]: Server running on port 5000
2024-11-04T09:07:46.631Z [INFO]: Connected to MongoDB
2024-11-04T09:08:17.984Z [INFO]: Server running on port 5000
2024-11-04T09:08:48.495Z [INFO]: Connected to MongoDB
2024-11-04T09:09:11.452Z [INFO]: Server running on port 5000
2024-11-04T09:09:19.817Z [INFO]: Server running on port 5000
2024-11-04T09:09:38.725Z [INFO]: Connected to MongoDB
2024-11-04T09:12:32.450Z [INFO]: Server running on port 5000
2024-11-04T09:12:35.352Z [INFO]: Server running on port 5000
2024-11-04T09:12:40.184Z [INFO]: Connected to MongoDB
2024-11-04T09:12:42.826Z [INFO]: Server running on port 5000
2024-11-04T09:12:49.069Z [INFO]: Connected to MongoDB
2024-11-04T09:14:08.208Z [INFO]: Server running on port 5000
2024-11-04T09:14:11.940Z [INFO]: Connected to MongoDB
2024-11-04T09:14:16.193Z [INFO]: Server running on port 5000
2024-11-04T09:14:20.889Z [INFO]: Connected to MongoDB
2024-11-04T09:17:18.287Z [INFO]: Server running on port 5000
2024-11-04T09:17:21.991Z [INFO]: Connected to MongoDB
2024-11-04T10:20:09.295Z [INFO]: Server running on port 5000
2024-11-04T10:20:12.012Z [INFO]: Server running on port 5000
2024-11-04T10:20:16.023Z [INFO]: Connected to MongoDB
2024-11-04T10:28:34.539Z [INFO]: Server running on port 5000
2024-11-04T10:28:41.765Z [INFO]: Connected to MongoDB
2024-11-04T10:31:52.193Z [INFO]: Server running on port 5000
2024-11-04T10:32:00.916Z [INFO]: Connected to MongoDB
2024-11-04T10:43:39.184Z [INFO]: Server running on port 5000
2024-11-04T10:43:46.004Z [INFO]: Server running on port 5000
2024-11-04T10:43:50.521Z [INFO]: Connected to MongoDB
2024-11-04T10:44:12.157Z [INFO]: Server running on port 5000
2024-11-04T10:44:17.756Z [INFO]: Connected to MongoDB
2024-11-04T10:44:28.035Z [INFO]: Server running on port 5000
2024-11-04T10:44:34.804Z [INFO]: Connected to MongoDB
2024-11-04T10:45:17.403Z [INFO]: Server running on port 5000
2024-11-04T10:45:27.862Z [INFO]: Connected to MongoDB
2024-11-04T10:45:46.348Z [INFO]: Server running on port 5000
2024-11-04T10:45:56.482Z [INFO]: Connected to MongoDB
2024-11-04T10:46:06.208Z [INFO]: Server running on port 5000
2024-11-04T10:46:22.968Z [INFO]: Connected to MongoDB
2024-11-04T10:47:43.458Z [INFO]: Server running on port 5000
2024-11-04T10:47:52.270Z [INFO]: Connected to MongoDB
2024-11-04T10:51:20.922Z [INFO]: Server running on port 5000
2024-11-04T10:51:25.757Z [INFO]: Connected to MongoDB
2024-11-04T10:53:20.220Z [INFO]: Server running on port 5000
2024-11-04T10:53:25.784Z [INFO]: Connected to MongoDB
2024-11-04T10:55:14.488Z [INFO]: Server running on port 5000
2024-11-04T10:55:18.708Z [INFO]: Connected to MongoDB
2024-11-04T10:55:35.291Z [INFO]: Server running on port 5000
2024-11-04T10:55:39.299Z [INFO]: Connected to MongoDB
2024-11-04T10:56:39.384Z [ERROR]: Cannot read properties of undefined (reading 'token') Cannot read properties of undefined (reading 'token')
2024-11-04T10:57:00.407Z [ERROR]: Cannot read properties of undefined (reading 'token') Cannot read properties of undefined (reading 'token')
2024-11-04T10:57:01.724Z [ERROR]: Cannot read properties of undefined (reading 'token') Cannot read properties of undefined (reading 'token')
2024-11-04T10:57:03.263Z [ERROR]: Cannot read properties of undefined (reading 'token') Cannot read properties of undefined (reading 'token')
2024-11-04T10:57:05.353Z [ERROR]: Cannot read properties of undefined (reading 'token') Cannot read properties of undefined (reading 'token')
2024-11-04T10:57:06.568Z [ERROR]: Cannot read properties of undefined (reading 'token') Cannot read properties of undefined (reading 'token')
2024-11-04T10:57:08.328Z [ERROR]: Cannot read properties of undefined (reading 'token') Cannot read properties of undefined (reading 'token')
2024-11-04T10:57:09.646Z [ERROR]: Cannot read properties of undefined (reading 'token') Cannot read properties of undefined (reading 'token')
2024-11-04T10:57:10.886Z [ERROR]: Cannot read properties of undefined (reading 'token') Cannot read properties of undefined (reading 'token')
2024-11-04T10:57:50.806Z [INFO]: Server running on port 5000
2024-11-04T10:57:54.425Z [INFO]: Connected to MongoDB
2024-11-04T10:58:17.011Z [INFO]: Server running on port 5000
2024-11-04T10:58:20.539Z [INFO]: Connected to MongoDB
2024-11-04T10:58:21.453Z [ERROR]: Cannot read properties of undefined (reading 'token') Cannot read properties of undefined (reading 'token')
2024-11-04T10:58:23.238Z [ERROR]: Cannot read properties of undefined (reading 'token') Cannot read properties of undefined (reading 'token')
2024-11-04T10:58:24.785Z [ERROR]: Cannot read properties of undefined (reading 'token') Cannot read properties of undefined (reading 'token')
2024-11-04T10:58:26.167Z [ERROR]: Cannot read properties of undefined (reading 'token') Cannot read properties of undefined (reading 'token')
2024-11-04T10:58:27.551Z [ERROR]: Cannot read properties of undefined (reading 'token') Cannot read properties of undefined (reading 'token')
2024-11-04T10:59:09.247Z [ERROR]: Cannot read properties of undefined (reading 'token') Cannot read properties of undefined (reading 'token')
2024-11-04T10:59:39.908Z [ERROR]: Cannot read properties of undefined (reading 'token') Cannot read properties of undefined (reading 'token')
2024-11-04T10:59:45.814Z [ERROR]: Cannot read properties of undefined (reading 'token') Cannot read properties of undefined (reading 'token')
2024-11-04T11:00:19.065Z [ERROR]: Cannot read properties of undefined (reading 'token') Cannot read properties of undefined (reading 'token')
2024-11-04T11:00:25.507Z [ERROR]: Cannot read properties of undefined (reading 'token') Cannot read properties of undefined (reading 'token')
2024-11-04T11:01:00.107Z [ERROR]: Cannot read properties of undefined (reading 'token') Cannot read properties of undefined (reading 'token')
2024-11-04T13:03:45.754Z [INFO]: Server running on port 5000
2024-11-04T13:03:49.464Z [INFO]: Connected to MongoDB
2024-11-04T13:04:11.786Z [ERROR]: Cannot read properties of undefined (reading 'token') Cannot read properties of undefined (reading 'token')
2024-11-04T13:04:24.597Z [ERROR]: Cannot read properties of undefined (reading 'token') Cannot read properties of undefined (reading 'token')
2024-11-04T13:05:47.558Z [ERROR]: Cannot read properties of undefined (reading 'token') Cannot read properties of undefined (reading 'token')
2024-11-04T13:07:48.044Z [ERROR]: Cannot read properties of undefined (reading 'token') Cannot read properties of undefined (reading 'token')
2024-11-04T13:08:25.542Z [ERROR]: Cannot read properties of undefined (reading 'token') Cannot read properties of undefined (reading 'token')
2024-11-04T13:10:34.763Z [INFO]: Server running on port 5000
2024-11-04T13:10:38.099Z [INFO]: Connected to MongoDB
2024-11-04T13:11:15.202Z [INFO]: Server running on port 5000
2024-11-04T13:11:18.394Z [INFO]: Connected to MongoDB
2024-11-04T13:11:21.449Z [INFO]: Server running on port 5000
2024-11-04T13:11:24.839Z [INFO]: Connected to MongoDB
2024-11-04T13:15:35.071Z [INFO]: Connected to MongoDB
2024-11-04T13:15:43.049Z [INFO]: Connected to MongoDB
2024-11-04T13:18:41.933Z [INFO]: Connected to MongoDB
2024-11-04T13:24:12.296Z [INFO]: Connected to MongoDB
2024-11-04T13:25:00.557Z [INFO]: Connected to MongoDB
2024-11-04T13:25:16.050Z [INFO]: Connected to MongoDB
2024-11-04T13:25:27.689Z [INFO]: Connected to MongoDB
2024-11-04T13:26:08.381Z [INFO]: Connected to MongoDB
2024-11-04T13:26:41.726Z [INFO]: Connected to MongoDB
2024-11-04T13:27:05.794Z [INFO]: Server running on port 5000
2024-11-04T13:27:11.060Z [INFO]: Connected to MongoDB
2024-11-04T13:27:23.103Z [INFO]: Server running on port 5000
2024-11-04T13:27:26.173Z [INFO]: Connected to MongoDB
2024-11-04T13:27:33.347Z [INFO]: Server running on port 5000
2024-11-04T13:27:36.609Z [INFO]: Connected to MongoDB
