2024-11-04T05:47:33.701Z [ERROR]: Cannot read properties of undefined (reading 'refresh_token') Cannot read properties of undefined (reading 'refresh_token')
2024-11-04T05:47:48.643Z [ERROR]: Cannot read properties of undefined (reading 'refresh_token') Cannot read properties of undefined (reading 'refresh_token')
2024-11-04T05:53:29.825Z [ERROR]: Cannot read properties of undefined (reading 'refresh_token') Cannot read properties of undefined (reading 'refresh_token')
2024-11-04T10:56:39.384Z [ERROR]: Cannot read properties of undefined (reading 'token') Cannot read properties of undefined (reading 'token')
2024-11-04T10:57:00.407Z [ERROR]: Cannot read properties of undefined (reading 'token') Cannot read properties of undefined (reading 'token')
2024-11-04T10:57:01.724Z [ERROR]: Cannot read properties of undefined (reading 'token') Cannot read properties of undefined (reading 'token')
2024-11-04T10:57:03.263Z [ERROR]: Cannot read properties of undefined (reading 'token') Cannot read properties of undefined (reading 'token')
2024-11-04T10:57:05.353Z [ERROR]: Cannot read properties of undefined (reading 'token') Cannot read properties of undefined (reading 'token')
2024-11-04T10:57:06.568Z [ERROR]: Cannot read properties of undefined (reading 'token') Cannot read properties of undefined (reading 'token')
2024-11-04T10:57:08.328Z [ERROR]: Cannot read properties of undefined (reading 'token') Cannot read properties of undefined (reading 'token')
2024-11-04T10:57:09.646Z [ERROR]: Cannot read properties of undefined (reading 'token') Cannot read properties of undefined (reading 'token')
2024-11-04T10:57:10.886Z [ERROR]: Cannot read properties of undefined (reading 'token') Cannot read properties of undefined (reading 'token')
2024-11-04T10:58:21.453Z [ERROR]: Cannot read properties of undefined (reading 'token') Cannot read properties of undefined (reading 'token')
2024-11-04T10:58:23.238Z [ERROR]: Cannot read properties of undefined (reading 'token') Cannot read properties of undefined (reading 'token')
2024-11-04T10:58:24.785Z [ERROR]: Cannot read properties of undefined (reading 'token') Cannot read properties of undefined (reading 'token')
2024-11-04T10:58:26.167Z [ERROR]: Cannot read properties of undefined (reading 'token') Cannot read properties of undefined (reading 'token')
2024-11-04T10:58:27.551Z [ERROR]: Cannot read properties of undefined (reading 'token') Cannot read properties of undefined (reading 'token')
2024-11-04T10:59:09.247Z [ERROR]: Cannot read properties of undefined (reading 'token') Cannot read properties of undefined (reading 'token')
2024-11-04T10:59:39.908Z [ERROR]: Cannot read properties of undefined (reading 'token') Cannot read properties of undefined (reading 'token')
2024-11-04T10:59:45.814Z [ERROR]: Cannot read properties of undefined (reading 'token') Cannot read properties of undefined (reading 'token')
2024-11-04T11:00:19.065Z [ERROR]: Cannot read properties of undefined (reading 'token') Cannot read properties of undefined (reading 'token')
2024-11-04T11:00:25.507Z [ERROR]: Cannot read properties of undefined (reading 'token') Cannot read properties of undefined (reading 'token')
2024-11-04T11:01:00.107Z [ERROR]: Cannot read properties of undefined (reading 'token') Cannot read properties of undefined (reading 'token')
2024-11-04T13:04:11.786Z [ERROR]: Cannot read properties of undefined (reading 'token') Cannot read properties of undefined (reading 'token')
2024-11-04T13:04:24.597Z [ERROR]: Cannot read properties of undefined (reading 'token') Cannot read properties of undefined (reading 'token')
2024-11-04T13:05:47.558Z [ERROR]: Cannot read properties of undefined (reading 'token') Cannot read properties of undefined (reading 'token')
2024-11-04T13:07:48.044Z [ERROR]: Cannot read properties of undefined (reading 'token') Cannot read properties of undefined (reading 'token')
2024-11-04T13:08:25.542Z [ERROR]: Cannot read properties of undefined (reading 'token') Cannot read properties of undefined (reading 'token')
2024-11-05T06:54:13.360Z [ERROR]: Could not connect to MongoDB Could not connect to any servers in your MongoDB Atlas cluster. One common reason is that you're trying to access the database from an IP that isn't whitelisted. Make sure your current IP address is on your Atlas cluster's IP whitelist: https://www.mongodb.com/docs/atlas/security-whitelist/
2024-11-05T06:57:43.630Z [ERROR]: Could not connect to MongoDB read ECONNRESET
2024-11-05T06:59:28.749Z [ERROR]: Could not connect to MongoDB read ECONNRESET
2024-11-05T10:43:22.284Z [ERROR]: Could not connect to MongoDB read ECONNRESET
2024-11-05T11:47:17.095Z [ERROR]: Could not connect to MongoDB querySrv ETIMEOUT _mongodb._tcp.cluster0.a2oux.mongodb.net
2024-11-05T12:22:54.473Z [ERROR]: Cannot read properties of undefined (reading 'refresh_token') Cannot read properties of undefined (reading 'refresh_token')
2024-11-05T12:23:08.181Z [ERROR]: Cannot read properties of undefined (reading 'refresh_token') Cannot read properties of undefined (reading 'refresh_token')
2024-11-05T12:24:18.488Z [ERROR]: Cannot read properties of undefined (reading 'refresh_token') Cannot read properties of undefined (reading 'refresh_token')
2024-11-06T13:45:10.908Z [ERROR]: Cannot read properties of undefined (reading 'refresh_token') Cannot read properties of undefined (reading 'refresh_token')
2024-11-06T14:18:31.489Z [ERROR]: Cannot read properties of undefined (reading 'refresh_token') Cannot read properties of undefined (reading 'refresh_token')
2024-11-06T14:18:45.794Z [ERROR]: Cannot read properties of undefined (reading 'refresh_token') Cannot read properties of undefined (reading 'refresh_token')
2024-11-06T14:21:00.478Z [ERROR]: Cannot read properties of undefined (reading 'refresh_token') Cannot read properties of undefined (reading 'refresh_token')
2024-11-06T14:21:03.908Z [ERROR]: Cannot read properties of undefined (reading 'refresh_token') Cannot read properties of undefined (reading 'refresh_token')
2024-11-06T14:45:49.195Z [ERROR]: Cannot read properties of undefined (reading 'refresh_token') Cannot read properties of undefined (reading 'refresh_token')
2024-11-06T14:45:56.809Z [ERROR]: Cannot read properties of undefined (reading 'refresh_token') Cannot read properties of undefined (reading 'refresh_token')
2024-11-06T14:46:09.398Z [ERROR]: Cannot read properties of undefined (reading 'refresh_token') Cannot read properties of undefined (reading 'refresh_token')
2024-11-06T14:46:25.749Z [ERROR]: Cannot read properties of undefined (reading 'refresh_token') Cannot read properties of undefined (reading 'refresh_token')
2024-11-06T14:46:27.557Z [ERROR]: Cannot read properties of undefined (reading 'refresh_token') Cannot read properties of undefined (reading 'refresh_token')
2024-11-06T14:46:34.145Z [ERROR]: Cannot read properties of undefined (reading 'refresh_token') Cannot read properties of undefined (reading 'refresh_token')
2024-11-06T14:47:37.492Z [ERROR]: Cannot read properties of undefined (reading 'refresh_token') Cannot read properties of undefined (reading 'refresh_token')
